<?xml version="1.0" encoding="UTF-8"?>
<!-- Generated by org.testng.reporters.JUnitXMLReporter -->
<testsuite hostname="LAPTOP-T08AGNAM" ignored="0" name="Default test" tests="5" failures="0" timestamp="2023-03-15T18:11:22 IST" time="74.184" errors="0">
  <testcase name="login" time="3.518" classname="testScripts.PlaceOrderTest"/>
  <testcase name="addItems" time="5.339" classname="testScripts.PlaceOrderTest"/>
  <testcase name="addItems" time="7.518" classname="testScripts.PlaceOrderTest"/>
  <testcase name="deleteItems" time="2.634" classname="testScripts.PlaceOrderTest"/>
  <testcase name="purchaseItems" time="2.878" classname="testScripts.PlaceOrderTest"/>
</testsuite> <!-- Default test -->
