<?xml version="1.0" encoding="UTF-8"?>
<testng-results skipped="0" failed="0" ignored="0" total="5" passed="5">
  <reporter-output>
  </reporter-output>
  <suite name="Default suite" duration-ms="30238" started-at="2023-03-16T16:09:48 IST" finished-at="2023-03-16T16:10:18 IST">
    <groups>
    </groups>
    <test name="Default test" duration-ms="30238" started-at="2023-03-16T16:09:48 IST" finished-at="2023-03-16T16:10:18 IST">
      <class name="testScripts.PlaceOrderTest">
        <test-method status="PASS" signature="setup()[pri:0, instance:testScripts.PlaceOrderTest@6379eb]" name="setup" is-config="true" duration-ms="7169" started-at="2023-03-16T16:09:48 IST" finished-at="2023-03-16T16:09:55 IST">
          <reporter-output>
          </reporter-output>
        </test-method> <!-- setup -->
        <test-method status="PASS" signature="login()[pri:1, instance:testScripts.PlaceOrderTest@6379eb]" name="login" duration-ms="2814" started-at="2023-03-16T16:09:55 IST" finished-at="2023-03-16T16:09:58 IST">
          <reporter-output>
          </reporter-output>
        </test-method> <!-- login -->
        <test-method status="PASS" signature="tearDown(org.testng.ITestResult)[pri:0, instance:testScripts.PlaceOrderTest@6379eb]" name="tearDown" is-config="true" duration-ms="0" started-at="2023-03-16T16:09:58 IST" finished-at="2023-03-16T16:09:58 IST">
          <params>
            <param index="0">
              <value>
                <![CDATA[[TestResult name=login status=SUCCESS method=PlaceOrderTest.login()[pri:1, instance:testScripts.PlaceOrderTest@6379eb] output={null}]]]>
              </value>
            </param>
          </params>
          <reporter-output>
          </reporter-output>
        </test-method> <!-- tearDown -->
        <test-method status="PASS" signature="addItems(java.lang.String,java.lang.String)[pri:2, instance:testScripts.PlaceOrderTest@6379eb]" name="addItems" duration-ms="5812" started-at="2023-03-16T16:09:58 IST" data-provider="items" finished-at="2023-03-16T16:10:04 IST">
          <params>
            <param index="0">
              <value>
                <![CDATA[Phones]]>
              </value>
            </param>
            <param index="1">
              <value>
                <![CDATA[Iphone 6 32gb]]>
              </value>
            </param>
          </params>
          <reporter-output>
          </reporter-output>
        </test-method> <!-- addItems -->
        <test-method status="PASS" signature="tearDown(org.testng.ITestResult)[pri:0, instance:testScripts.PlaceOrderTest@6379eb]" name="tearDown" is-config="true" duration-ms="1" started-at="2023-03-16T16:10:04 IST" finished-at="2023-03-16T16:10:04 IST">
          <params>
            <param index="0">
              <value>
                <![CDATA[[TestResult name=addItems status=SUCCESS method=PlaceOrderTest.addItems(java.lang.String,java.lang.String)[pri:2, instance:testScripts.PlaceOrderTest@6379eb] output={null}]]]>
              </value>
            </param>
          </params>
          <reporter-output>
          </reporter-output>
        </test-method> <!-- tearDown -->
        <test-method status="PASS" signature="addItems(java.lang.String,java.lang.String)[pri:2, instance:testScripts.PlaceOrderTest@6379eb]" name="addItems" duration-ms="6585" started-at="2023-03-16T16:10:04 IST" data-provider="items" finished-at="2023-03-16T16:10:10 IST">
          <params>
            <param index="0">
              <value>
                <![CDATA[Monitors]]>
              </value>
            </param>
            <param index="1">
              <value>
                <![CDATA[Apple monitor 24]]>
              </value>
            </param>
          </params>
          <reporter-output>
          </reporter-output>
        </test-method> <!-- addItems -->
        <test-method status="PASS" signature="tearDown(org.testng.ITestResult)[pri:0, instance:testScripts.PlaceOrderTest@6379eb]" name="tearDown" is-config="true" duration-ms="1" started-at="2023-03-16T16:10:10 IST" finished-at="2023-03-16T16:10:10 IST">
          <params>
            <param index="0">
              <value>
                <![CDATA[[TestResult name=addItems status=SUCCESS method=PlaceOrderTest.addItems(java.lang.String,java.lang.String)[pri:2, instance:testScripts.PlaceOrderTest@6379eb] output={null}]]]>
              </value>
            </param>
          </params>
          <reporter-output>
          </reporter-output>
        </test-method> <!-- tearDown -->
        <test-method status="PASS" signature="deleteItem()[pri:3, instance:testScripts.PlaceOrderTest@6379eb]" name="deleteItem" duration-ms="4023" started-at="2023-03-16T16:10:10 IST" finished-at="2023-03-16T16:10:14 IST">
          <reporter-output>
          </reporter-output>
        </test-method> <!-- deleteItem -->
        <test-method status="PASS" signature="purchaseItems()[pri:0, instance:testScripts.PlaceOrderTest@6379eb]" name="purchaseItems" duration-ms="3245" started-at="2023-03-16T16:10:14 IST" depends-on-methods="testScripts.PlaceOrderTest.deleteItem" finished-at="2023-03-16T16:10:17 IST">
          <reporter-output>
          </reporter-output>
        </test-method> <!-- purchaseItems -->
        <test-method status="PASS" signature="tearDown(org.testng.ITestResult)[pri:0, instance:testScripts.PlaceOrderTest@6379eb]" name="tearDown" is-config="true" duration-ms="0" started-at="2023-03-16T16:10:14 IST" finished-at="2023-03-16T16:10:14 IST">
          <params>
            <param index="0">
              <value>
                <![CDATA[[TestResult name=deleteItem status=SUCCESS method=PlaceOrderTest.deleteItem()[pri:3, instance:testScripts.PlaceOrderTest@6379eb] output={null}]]]>
              </value>
            </param>
          </params>
          <reporter-output>
          </reporter-output>
        </test-method> <!-- tearDown -->
        <test-method status="PASS" signature="tearDown(org.testng.ITestResult)[pri:0, instance:testScripts.PlaceOrderTest@6379eb]" name="tearDown" is-config="true" duration-ms="0" started-at="2023-03-16T16:10:17 IST" finished-at="2023-03-16T16:10:17 IST">
          <params>
            <param index="0">
              <value>
                <![CDATA[[TestResult name=purchaseItems status=SUCCESS method=PlaceOrderTest.purchaseItems()[pri:0, instance:testScripts.PlaceOrderTest@6379eb] output={null}]]]>
              </value>
            </param>
          </params>
          <reporter-output>
          </reporter-output>
        </test-method> <!-- tearDown -->
        <test-method status="PASS" signature="closeApp()[pri:0, instance:testScripts.PlaceOrderTest@6379eb]" name="closeApp" is-config="true" duration-ms="528" started-at="2023-03-16T16:10:17 IST" finished-at="2023-03-16T16:10:18 IST">
          <reporter-output>
          </reporter-output>
        </test-method> <!-- closeApp -->
      </class> <!-- testScripts.PlaceOrderTest -->
    </test> <!-- Default test -->
  </suite> <!-- Default suite -->
</testng-results>
