<?xml version="1.0" encoding="UTF-8"?>
<testng-results skipped="0" failed="0" ignored="0" total="5" passed="5">
  <reporter-output>
  </reporter-output>
  <suite name="Default suite" duration-ms="34264" started-at="2023-03-15T14:51:43 IST" finished-at="2023-03-15T14:52:17 IST">
    <groups>
    </groups>
    <test name="Default test" duration-ms="34264" started-at="2023-03-15T14:51:43 IST" finished-at="2023-03-15T14:52:17 IST">
      <class name="testScripts.PlaceOrderTest">
        <test-method status="PASS" signature="setup()[pri:0, instance:testScripts.PlaceOrderTest@6379eb]" name="setup" is-config="true" duration-ms="7783" started-at="2023-03-15T14:51:43 IST" finished-at="2023-03-15T14:51:50 IST">
          <reporter-output>
          </reporter-output>
        </test-method> <!-- setup -->
        <test-method status="PASS" signature="login()[pri:1, instance:testScripts.PlaceOrderTest@6379eb]" name="login" duration-ms="4786" started-at="2023-03-15T14:51:50 IST" finished-at="2023-03-15T14:51:55 IST">
          <reporter-output>
          </reporter-output>
        </test-method> <!-- login -->
        <test-method status="PASS" signature="tearDown(org.testng.ITestResult)[pri:0, instance:testScripts.PlaceOrderTest@6379eb]" name="tearDown" is-config="true" duration-ms="5" started-at="2023-03-15T14:51:55 IST" finished-at="2023-03-15T14:51:55 IST">
          <params>
            <param index="0">
              <value>
                <![CDATA[[TestResult name=login status=SUCCESS method=PlaceOrderTest.login()[pri:1, instance:testScripts.PlaceOrderTest@6379eb] output={null}]]]>
              </value>
            </param>
          </params>
          <reporter-output>
          </reporter-output>
        </test-method> <!-- tearDown -->
        <test-method status="PASS" signature="addItems(java.lang.String,java.lang.String)[pri:2, instance:testScripts.PlaceOrderTest@6379eb]" name="addItems" duration-ms="6997" started-at="2023-03-15T14:51:55 IST" data-provider="items" finished-at="2023-03-15T14:52:02 IST">
          <params>
            <param index="0">
              <value>
                <![CDATA[Phones]]>
              </value>
            </param>
            <param index="1">
              <value>
                <![CDATA[Iphone 6 32gb]]>
              </value>
            </param>
          </params>
          <reporter-output>
          </reporter-output>
        </test-method> <!-- addItems -->
        <test-method status="PASS" signature="tearDown(org.testng.ITestResult)[pri:0, instance:testScripts.PlaceOrderTest@6379eb]" name="tearDown" is-config="true" duration-ms="0" started-at="2023-03-15T14:52:02 IST" finished-at="2023-03-15T14:52:02 IST">
          <params>
            <param index="0">
              <value>
                <![CDATA[[TestResult name=addItems status=SUCCESS method=PlaceOrderTest.addItems(java.lang.String,java.lang.String)[pri:2, instance:testScripts.PlaceOrderTest@6379eb] output={null}]]]>
              </value>
            </param>
          </params>
          <reporter-output>
          </reporter-output>
        </test-method> <!-- tearDown -->
        <test-method status="PASS" signature="addItems(java.lang.String,java.lang.String)[pri:2, instance:testScripts.PlaceOrderTest@6379eb]" name="addItems" duration-ms="7343" started-at="2023-03-15T14:52:02 IST" data-provider="items" finished-at="2023-03-15T14:52:10 IST">
          <params>
            <param index="0">
              <value>
                <![CDATA[Monitors]]>
              </value>
            </param>
            <param index="1">
              <value>
                <![CDATA[Apple monitor 24]]>
              </value>
            </param>
          </params>
          <reporter-output>
          </reporter-output>
        </test-method> <!-- addItems -->
        <test-method status="PASS" signature="tearDown(org.testng.ITestResult)[pri:0, instance:testScripts.PlaceOrderTest@6379eb]" name="tearDown" is-config="true" duration-ms="0" started-at="2023-03-15T14:52:10 IST" finished-at="2023-03-15T14:52:10 IST">
          <params>
            <param index="0">
              <value>
                <![CDATA[[TestResult name=addItems status=SUCCESS method=PlaceOrderTest.addItems(java.lang.String,java.lang.String)[pri:2, instance:testScripts.PlaceOrderTest@6379eb] output={null}]]]>
              </value>
            </param>
          </params>
          <reporter-output>
          </reporter-output>
        </test-method> <!-- tearDown -->
        <test-method status="PASS" signature="deleteItems()[pri:3, instance:testScripts.PlaceOrderTest@6379eb]" name="deleteItems" duration-ms="3315" started-at="2023-03-15T14:52:10 IST" finished-at="2023-03-15T14:52:13 IST">
          <reporter-output>
          </reporter-output>
        </test-method> <!-- deleteItems -->
        <test-method status="PASS" signature="tearDown(org.testng.ITestResult)[pri:0, instance:testScripts.PlaceOrderTest@6379eb]" name="tearDown" is-config="true" duration-ms="0" started-at="2023-03-15T14:52:13 IST" finished-at="2023-03-15T14:52:13 IST">
          <params>
            <param index="0">
              <value>
                <![CDATA[[TestResult name=deleteItems status=SUCCESS method=PlaceOrderTest.deleteItems()[pri:3, instance:testScripts.PlaceOrderTest@6379eb] output={null}]]]>
              </value>
            </param>
          </params>
          <reporter-output>
          </reporter-output>
        </test-method> <!-- tearDown -->
        <test-method status="PASS" signature="purchaseItems()[pri:0, instance:testScripts.PlaceOrderTest@6379eb]" name="purchaseItems" duration-ms="3414" started-at="2023-03-15T14:52:13 IST" depends-on-methods="testScripts.PlaceOrderTest.deleteItems" finished-at="2023-03-15T14:52:16 IST">
          <reporter-output>
          </reporter-output>
        </test-method> <!-- purchaseItems -->
        <test-method status="PASS" signature="closeApp()[pri:0, instance:testScripts.PlaceOrderTest@6379eb]" name="closeApp" is-config="true" duration-ms="554" started-at="2023-03-15T14:52:16 IST" finished-at="2023-03-15T14:52:17 IST">
          <reporter-output>
          </reporter-output>
        </test-method> <!-- closeApp -->
        <test-method status="PASS" signature="tearDown(org.testng.ITestResult)[pri:0, instance:testScripts.PlaceOrderTest@6379eb]" name="tearDown" is-config="true" duration-ms="0" started-at="2023-03-15T14:52:16 IST" finished-at="2023-03-15T14:52:16 IST">
          <params>
            <param index="0">
              <value>
                <![CDATA[[TestResult name=purchaseItems status=SUCCESS method=PlaceOrderTest.purchaseItems()[pri:0, instance:testScripts.PlaceOrderTest@6379eb] output={null}]]]>
              </value>
            </param>
          </params>
          <reporter-output>
          </reporter-output>
        </test-method> <!-- tearDown -->
      </class> <!-- testScripts.PlaceOrderTest -->
    </test> <!-- Default test -->
  </suite> <!-- Default suite -->
</testng-results>
